{"devicePlatform":"","logFolder":"C:\\Users\\buithan\\git\\katalon-cls-project\\Reports\\Category\\20181109_094901","runData":{"hostName":"buithan - DESKTOP-9IOQSG7","hostAddress":"192.168.1.142","os":"Windows 10 64bit","katalonVersion":"5.4.1.1"},"type":"TEST_SUITE","name":"Category","id":"Test Suites/Category","source":"","message":"Test Cases/Category/AddCategory FAILED because (of) Unable to open browser with url: \u0027\u0027 (Root cause: org.openqa.selenium.WebDriverException: newSession\nBuild info: version: \u00273.7.1\u0027, revision: \u00278a0099a\u0027, time: \u00272017-11-06T21:07:36.161Z\u0027\nSystem info: host: \u0027DESKTOP-9IOQSG7\u0027, ip: \u0027192.168.1.142\u0027, os.name: \u0027Windows 10\u0027, os.arch: \u0027amd64\u0027, os.version: \u002710.0\u0027, java.version: \u00271.8.0_102\u0027\nDriver info: driver.version: CGeckoDriver\nremote stacktrace: stack backtrace:\n   0:           0x4821c4 - \u003cno info\u003e\n   1:           0x482933 - \u003cno info\u003e\n   2:           0x445159 - \u003cno info\u003e\n   3:           0x44eff6 - \u003cno info\u003e\n   4:           0x4322e1 - \u003cno info\u003e\n   5:           0x40ba4e - \u003cno info\u003e\n   6:           0x4119b9 - \u003cno info\u003e\n   7:           0x6d2c89 - \u003cno info\u003e\n   8:           0x426006 - \u003cno info\u003e\n   9:           0x6cd490 - \u003cno info\u003e\n  10:     0x7ffd60483034 - BaseThreadInitThunk)","description":"","startTime":1541731743719,"endTime":1541731758123,"childRecords":[{"isOptional":false,"type":"TEST_CASE","name":"Test Cases/Category/AddCategory","id":"Test Cases/Category/AddCategory","source":"C:\\\\Users\\\\buithan\\\\git\\\\katalon-cls-project\\\\Test Cases\\\\Category\\\\AddCategory.tc","message":"Test Cases/Category/AddCategory FAILED because (of) Unable to open browser with url: \u0027\u0027 (Root cause: org.openqa.selenium.WebDriverException: newSession\nBuild info: version: \u00273.7.1\u0027, revision: \u00278a0099a\u0027, time: \u00272017-11-06T21:07:36.161Z\u0027\nSystem info: host: \u0027DESKTOP-9IOQSG7\u0027, ip: \u0027192.168.1.142\u0027, os.name: \u0027Windows 10\u0027, os.arch: \u0027amd64\u0027, os.version: \u002710.0\u0027, java.version: \u00271.8.0_102\u0027\nDriver info: driver.version: CGeckoDriver\nremote stacktrace: stack backtrace:\n   0:           0x4821c4 - \u003cno info\u003e\n   1:           0x482933 - \u003cno info\u003e\n   2:           0x445159 - \u003cno info\u003e\n   3:           0x44eff6 - \u003cno info\u003e\n   4:           0x4322e1 - \u003cno info\u003e\n   5:           0x40ba4e - \u003cno info\u003e\n   6:           0x4119b9 - \u003cno info\u003e\n   7:           0x6d2c89 - \u003cno info\u003e\n   8:           0x426006 - \u003cno info\u003e\n   9:           0x6cd490 - \u003cno info\u003e\n  10:     0x7ffd60483034 - BaseThreadInitThunk)","description":"","startTime":1541731744132,"endTime":1541731750880,"childRecords":[{"testStatus":{"stackTrace":"","statusValue":"INFO"},"type":"MESSAGE","name":"","message":"Evaluating variables for test case","startTime":1541731744180,"endTime":0,"childRecords":[],"interuppted":false},{"index":1,"isIgnoredIfFailed":false,"type":"TEST_STEP","name":"callTestCase","message":"Unable to call Test Case with id \u0027Test Cases/Authentication/Login1\u0027 (Root cause: Call Test Case \u0027Test Cases/Authentication/Login1\u0027 failed)","description":"","startTime":1541731744525,"endTime":1541731750876,"childRecords":[{"isOptional":false,"type":"TEST_CASE","name":"Test Cases/Authentication/Login1","id":"Test Cases/Authentication/Login1","source":"C:\\\\Users\\\\buithan\\\\git\\\\katalon-cls-project\\\\Test Cases\\\\Authentication\\\\Login1.tc","message":"Test Cases/Authentication/Login1 FAILED because (of) Unable to open browser with url: \u0027\u0027 (Root cause: org.openqa.selenium.WebDriverException: newSession\nBuild info: version: \u00273.7.1\u0027, revision: \u00278a0099a\u0027, time: \u00272017-11-06T21:07:36.161Z\u0027\nSystem info: host: \u0027DESKTOP-9IOQSG7\u0027, ip: \u0027192.168.1.142\u0027, os.name: \u0027Windows 10\u0027, os.arch: \u0027amd64\u0027, os.version: \u002710.0\u0027, java.version: \u00271.8.0_102\u0027\nDriver info: driver.version: CGeckoDriver\nremote stacktrace: stack backtrace:\n   0:           0x4821c4 - \u003cno info\u003e\n   1:           0x482933 - \u003cno info\u003e\n   2:           0x445159 - \u003cno info\u003e\n   3:           0x44eff6 - \u003cno info\u003e\n   4:           0x4322e1 - \u003cno info\u003e\n   5:           0x40ba4e - \u003cno info\u003e\n   6:           0x4119b9 - \u003cno info\u003e\n   7:           0x6d2c89 - \u003cno info\u003e\n   8:           0x426006 - \u003cno info\u003e\n   9:           0x6cd490 - \u003cno info\u003e\n  10:     0x7ffd60483034 - BaseThreadInitThunk)","description":"","startTime":1541731744642,"endTime":1541731750853,"childRecords":[{"testStatus":{"stackTrace":"","statusValue":"INFO"},"type":"MESSAGE","name":"","message":"Evaluating variables for test case","startTime":1541731744658,"endTime":0,"childRecords":[],"interuppted":false},{"index":1,"isIgnoredIfFailed":false,"type":"TEST_STEP","name":"openBrowser","message":"Unable to open browser with url: \u0027\u0027 (Root cause: org.openqa.selenium.WebDriverException: newSession\nBuild info: version: \u00273.7.1\u0027, revision: \u00278a0099a\u0027, time: \u00272017-11-06T21:07:36.161Z\u0027\nSystem info: host: \u0027DESKTOP-9IOQSG7\u0027, ip: \u0027192.168.1.142\u0027, os.name: \u0027Windows 10\u0027, os.arch: \u0027amd64\u0027, os.version: \u002710.0\u0027, java.version: \u00271.8.0_102\u0027\nDriver info: driver.version: CGeckoDriver\nremote stacktrace: stack backtrace:\n   0:           0x4821c4 - \u003cno info\u003e\n   1:           0x482933 - \u003cno info\u003e\n   2:           0x445159 - \u003cno info\u003e\n   3:           0x44eff6 - \u003cno info\u003e\n   4:           0x4322e1 - \u003cno info\u003e\n   5:           0x40ba4e - \u003cno info\u003e\n   6:           0x4119b9 - \u003cno info\u003e\n   7:           0x6d2c89 - \u003cno info\u003e\n   8:           0x426006 - \u003cno info\u003e\n   9:           0x6cd490 - \u003cno info\u003e\n  10:     0x7ffd60483034 - BaseThreadInitThunk)","description":"","startTime":1541731744873,"endTime":1541731750846,"childRecords":[{"testStatus":{"stackTrace":"","statusValue":"FAILED"},"type":"MESSAGE","name":"","message":"Unable to open browser with url: \u0027\u0027 (Root cause: org.openqa.selenium.WebDriverException: newSession\nBuild info: version: \u00273.7.1\u0027, revision: \u00278a0099a\u0027, time: \u00272017-11-06T21:07:36.161Z\u0027\nSystem info: host: \u0027DESKTOP-9IOQSG7\u0027, ip: \u0027192.168.1.142\u0027, os.name: \u0027Windows 10\u0027, os.arch: \u0027amd64\u0027, os.version: \u002710.0\u0027, java.version: \u00271.8.0_102\u0027\nDriver info: driver.version: CGeckoDriver\nremote stacktrace: stack backtrace:\n   0:           0x4821c4 - \u003cno info\u003e\n   1:           0x482933 - \u003cno info\u003e\n   2:           0x445159 - \u003cno info\u003e\n   3:           0x44eff6 - \u003cno info\u003e\n   4:           0x4322e1 - \u003cno info\u003e\n   5:           0x40ba4e - \u003cno info\u003e\n   6:           0x4119b9 - \u003cno info\u003e\n   7:           0x6d2c89 - \u003cno info\u003e\n   8:           0x426006 - \u003cno info\u003e\n   9:           0x6cd490 - \u003cno info\u003e\n  10:     0x7ffd60483034 - BaseThreadInitThunk)","startTime":1541731750844,"endTime":0,"childRecords":[],"interuppted":false}],"interuppted":false},{"testStatus":{"stackTrace":"","statusValue":"FAILED"},"type":"MESSAGE","name":"","message":"Test Cases/Authentication/Login1 FAILED because (of) Unable to open browser with url: \u0027\u0027 (Root cause: org.openqa.selenium.WebDriverException: newSession\nBuild info: version: \u00273.7.1\u0027, revision: \u00278a0099a\u0027, time: \u00272017-11-06T21:07:36.161Z\u0027\nSystem info: host: \u0027DESKTOP-9IOQSG7\u0027, ip: \u0027192.168.1.142\u0027, os.name: \u0027Windows 10\u0027, os.arch: \u0027amd64\u0027, os.version: \u002710.0\u0027, java.version: \u00271.8.0_102\u0027\nDriver info: driver.version: CGeckoDriver\nremote stacktrace: stack backtrace:\n   0:           0x4821c4 - \u003cno info\u003e\n   1:           0x482933 - \u003cno info\u003e\n   2:           0x445159 - \u003cno info\u003e\n   3:           0x44eff6 - \u003cno info\u003e\n   4:           0x4322e1 - \u003cno info\u003e\n   5:           0x40ba4e - \u003cno info\u003e\n   6:           0x4119b9 - \u003cno info\u003e\n   7:           0x6d2c89 - \u003cno info\u003e\n   8:           0x426006 - \u003cno info\u003e\n   9:           0x6cd490 - \u003cno info\u003e\n  10:     0x7ffd60483034 - BaseThreadInitThunk)","startTime":1541731750848,"endTime":0,"childRecords":[],"interuppted":false}],"interuppted":false},{"testStatus":{"stackTrace":"","statusValue":"FAILED"},"type":"MESSAGE","name":"","message":"Unable to call Test Case with id \u0027Test Cases/Authentication/Login1\u0027 (Root cause: Call Test Case \u0027Test Cases/Authentication/Login1\u0027 failed)","startTime":1541731750875,"endTime":0,"childRecords":[],"interuppted":false}],"interuppted":false},{"testStatus":{"stackTrace":"","statusValue":"FAILED"},"type":"MESSAGE","name":"","message":"Test Cases/Category/AddCategory FAILED because (of) Unable to open browser with url: \u0027\u0027 (Root cause: org.openqa.selenium.WebDriverException: newSession\nBuild info: version: \u00273.7.1\u0027, revision: \u00278a0099a\u0027, time: \u00272017-11-06T21:07:36.161Z\u0027\nSystem info: host: \u0027DESKTOP-9IOQSG7\u0027, ip: \u0027192.168.1.142\u0027, os.name: \u0027Windows 10\u0027, os.arch: \u0027amd64\u0027, os.version: \u002710.0\u0027, java.version: \u00271.8.0_102\u0027\nDriver info: driver.version: CGeckoDriver\nremote stacktrace: stack backtrace:\n   0:           0x4821c4 - \u003cno info\u003e\n   1:           0x482933 - \u003cno info\u003e\n   2:           0x445159 - \u003cno info\u003e\n   3:           0x44eff6 - \u003cno info\u003e\n   4:           0x4322e1 - \u003cno info\u003e\n   5:           0x40ba4e - \u003cno info\u003e\n   6:           0x4119b9 - \u003cno info\u003e\n   7:           0x6d2c89 - \u003cno info\u003e\n   8:           0x426006 - \u003cno info\u003e\n   9:           0x6cd490 - \u003cno info\u003e\n  10:     0x7ffd60483034 - BaseThreadInitThunk)","startTime":1541731750878,"endTime":0,"childRecords":[],"interuppted":false}],"interuppted":false},{"isOptional":false,"type":"TEST_CASE","name":"Test Cases/Category/EditCategory","id":"Test Cases/Category/EditCategory","source":"C:\\\\Users\\\\buithan\\\\git\\\\katalon-cls-project\\\\Test Cases\\\\Category\\\\EditCategory.tc","message":"Test Cases/Category/EditCategory FAILED because (of) Unable to set text \u0027Ch? ?? t?o t? katalon\u0027 of object \u0027Object Repository/Category/input_search_category\u0027 (Root cause: com.kms.katalon.core.webui.exception.BrowserNotOpenedException: Browser is not opened\nBuild info: version: \u00273.7.1\u0027, revision: \u00278a0099a\u0027, time: \u00272017-11-06T21:07:36.161Z\u0027\nSystem info: host: \u0027DESKTOP-9IOQSG7\u0027, ip: \u0027192.168.1.142\u0027, os.name: \u0027Windows 10\u0027, os.arch: \u0027amd64\u0027, os.version: \u002710.0\u0027, java.version: \u00271.8.0_102\u0027\nDriver info: driver.version: unknown)","description":"","startTime":1541731750889,"endTime":1541731753326,"childRecords":[{"testStatus":{"stackTrace":"","statusValue":"INFO"},"type":"MESSAGE","name":"","message":"Evaluating variables for test case","startTime":1541731750976,"endTime":0,"childRecords":[],"interuppted":false},{"index":1,"isIgnoredIfFailed":false,"type":"TEST_STEP","name":"Statement - java.lang.Thread.sleep(2000)","description":"","startTime":1541731751256,"endTime":1541731753267,"childRecords":[],"interuppted":false},{"index":2,"isIgnoredIfFailed":false,"type":"TEST_STEP","name":"setText","message":"Unable to set text \u0027Ch? ?? t?o t? katalon\u0027 of object \u0027Object Repository/Category/input_search_category\u0027 (Root cause: com.kms.katalon.core.webui.exception.BrowserNotOpenedException: Browser is not opened\nBuild info: version: \u00273.7.1\u0027, revision: \u00278a0099a\u0027, time: \u00272017-11-06T21:07:36.161Z\u0027\nSystem info: host: \u0027DESKTOP-9IOQSG7\u0027, ip: \u0027192.168.1.142\u0027, os.name: \u0027Windows 10\u0027, os.arch: \u0027amd64\u0027, os.version: \u002710.0\u0027, java.version: \u00271.8.0_102\u0027\nDriver info: driver.version: unknown)","description":"","startTime":1541731753268,"endTime":1541731753323,"childRecords":[{"testStatus":{"stackTrace":"","statusValue":"WARNING"},"type":"MESSAGE","name":"","message":"Cannot take screenshot","startTime":1541731753321,"endTime":0,"childRecords":[],"interuppted":false},{"testStatus":{"stackTrace":"","statusValue":"FAILED"},"type":"MESSAGE","name":"","message":"Unable to set text \u0027Ch? ?? t?o t? katalon\u0027 of object \u0027Object Repository/Category/input_search_category\u0027 (Root cause: com.kms.katalon.core.webui.exception.BrowserNotOpenedException: Browser is not opened\nBuild info: version: \u00273.7.1\u0027, revision: \u00278a0099a\u0027, time: \u00272017-11-06T21:07:36.161Z\u0027\nSystem info: host: \u0027DESKTOP-9IOQSG7\u0027, ip: \u0027192.168.1.142\u0027, os.name: \u0027Windows 10\u0027, os.arch: \u0027amd64\u0027, os.version: \u002710.0\u0027, java.version: \u00271.8.0_102\u0027\nDriver info: driver.version: unknown)","startTime":1541731753322,"endTime":0,"childRecords":[],"interuppted":false}],"interuppted":false},{"testStatus":{"stackTrace":"","statusValue":"FAILED"},"type":"MESSAGE","name":"","message":"Test Cases/Category/EditCategory FAILED because (of) Unable to set text \u0027Ch? ?? t?o t? katalon\u0027 of object \u0027Object Repository/Category/input_search_category\u0027 (Root cause: com.kms.katalon.core.webui.exception.BrowserNotOpenedException: Browser is not opened\nBuild info: version: \u00273.7.1\u0027, revision: \u00278a0099a\u0027, time: \u00272017-11-06T21:07:36.161Z\u0027\nSystem info: host: \u0027DESKTOP-9IOQSG7\u0027, ip: \u0027192.168.1.142\u0027, os.name: \u0027Windows 10\u0027, os.arch: \u0027amd64\u0027, os.version: \u002710.0\u0027, java.version: \u00271.8.0_102\u0027\nDriver info: driver.version: unknown)","startTime":1541731753323,"endTime":0,"childRecords":[],"interuppted":false}],"interuppted":false},{"isOptional":false,"type":"TEST_CASE","name":"Test Cases/Category/DeleteCategory","id":"Test Cases/Category/DeleteCategory","source":"C:\\\\Users\\\\buithan\\\\git\\\\katalon-cls-project\\\\Test Cases\\\\Category\\\\DeleteCategory.tc","message":"Test Cases/Category/DeleteCategory FAILED because (of) Unable to set text \u0027Ch? ?? t?o t? katalon ch?nh s?a\u0027 of object \u0027Object Repository/Category/input_search_category\u0027 (Root cause: com.kms.katalon.core.webui.exception.BrowserNotOpenedException: Browser is not opened\nBuild info: version: \u00273.7.1\u0027, revision: \u00278a0099a\u0027, time: \u00272017-11-06T21:07:36.161Z\u0027\nSystem info: host: \u0027DESKTOP-9IOQSG7\u0027, ip: \u0027192.168.1.142\u0027, os.name: \u0027Windows 10\u0027, os.arch: \u0027amd64\u0027, os.version: \u002710.0\u0027, java.version: \u00271.8.0_102\u0027\nDriver info: driver.version: unknown)","description":"","startTime":1541731753337,"endTime":1541731755596,"childRecords":[{"testStatus":{"stackTrace":"","statusValue":"INFO"},"type":"MESSAGE","name":"","message":"Evaluating variables for test case","startTime":1541731753366,"endTime":0,"childRecords":[],"interuppted":false},{"index":1,"isIgnoredIfFailed":false,"type":"TEST_STEP","name":"Statement - java.lang.Thread.sleep(2000)","description":"","startTime":1541731753583,"endTime":1541731755586,"childRecords":[],"interuppted":false},{"index":2,"isIgnoredIfFailed":false,"type":"TEST_STEP","name":"setText","message":"Unable to set text \u0027Ch? ?? t?o t? katalon ch?nh s?a\u0027 of object \u0027Object Repository/Category/input_search_category\u0027 (Root cause: com.kms.katalon.core.webui.exception.BrowserNotOpenedException: Browser is not opened\nBuild info: version: \u00273.7.1\u0027, revision: \u00278a0099a\u0027, time: \u00272017-11-06T21:07:36.161Z\u0027\nSystem info: host: \u0027DESKTOP-9IOQSG7\u0027, ip: \u0027192.168.1.142\u0027, os.name: \u0027Windows 10\u0027, os.arch: \u0027amd64\u0027, os.version: \u002710.0\u0027, java.version: \u00271.8.0_102\u0027\nDriver info: driver.version: unknown)","description":"","startTime":1541731755586,"endTime":1541731755595,"childRecords":[{"testStatus":{"stackTrace":"","statusValue":"WARNING"},"type":"MESSAGE","name":"","message":"Cannot take screenshot","startTime":1541731755594,"endTime":0,"childRecords":[],"interuppted":false},{"testStatus":{"stackTrace":"","statusValue":"FAILED"},"type":"MESSAGE","name":"","message":"Unable to set text \u0027Ch? ?? t?o t? katalon ch?nh s?a\u0027 of object \u0027Object Repository/Category/input_search_category\u0027 (Root cause: com.kms.katalon.core.webui.exception.BrowserNotOpenedException: Browser is not opened\nBuild info: version: \u00273.7.1\u0027, revision: \u00278a0099a\u0027, time: \u00272017-11-06T21:07:36.161Z\u0027\nSystem info: host: \u0027DESKTOP-9IOQSG7\u0027, ip: \u0027192.168.1.142\u0027, os.name: \u0027Windows 10\u0027, os.arch: \u0027amd64\u0027, os.version: \u002710.0\u0027, java.version: \u00271.8.0_102\u0027\nDriver info: driver.version: unknown)","startTime":1541731755594,"endTime":0,"childRecords":[],"interuppted":false}],"interuppted":false},{"testStatus":{"stackTrace":"","statusValue":"FAILED"},"type":"MESSAGE","name":"","message":"Test Cases/Category/DeleteCategory FAILED because (of) Unable to set text \u0027Ch? ?? t?o t? katalon ch?nh s?a\u0027 of object \u0027Object Repository/Category/input_search_category\u0027 (Root cause: com.kms.katalon.core.webui.exception.BrowserNotOpenedException: Browser is not opened\nBuild info: version: \u00273.7.1\u0027, revision: \u00278a0099a\u0027, time: \u00272017-11-06T21:07:36.161Z\u0027\nSystem info: host: \u0027DESKTOP-9IOQSG7\u0027, ip: \u0027192.168.1.142\u0027, os.name: \u0027Windows 10\u0027, os.arch: \u0027amd64\u0027, os.version: \u002710.0\u0027, java.version: \u00271.8.0_102\u0027\nDriver info: driver.version: unknown)","startTime":1541731755595,"endTime":0,"childRecords":[],"interuppted":false}],"interuppted":false},{"isOptional":false,"type":"TEST_CASE","name":"Test Cases/Category/AssignCouseAndUser","id":"Test Cases/Category/AssignCouseAndUser","source":"C:\\\\Users\\\\buithan\\\\git\\\\katalon-cls-project\\\\Test Cases\\\\Category\\\\AssignCouseAndUser.tc","message":"Test Cases/Category/AssignCouseAndUser FAILED because (of) Unable to set text \u0027Xóa ch? ??\u0027 of object \u0027Object Repository/Category/input_search_category\u0027 (Root cause: com.kms.katalon.core.webui.exception.BrowserNotOpenedException: Browser is not opened\nBuild info: version: \u00273.7.1\u0027, revision: \u00278a0099a\u0027, time: \u00272017-11-06T21:07:36.161Z\u0027\nSystem info: host: \u0027DESKTOP-9IOQSG7\u0027, ip: \u0027192.168.1.142\u0027, os.name: \u0027Windows 10\u0027, os.arch: \u0027amd64\u0027, os.version: \u002710.0\u0027, java.version: \u00271.8.0_102\u0027\nDriver info: driver.version: unknown)","description":"","startTime":1541731755601,"endTime":1541731758088,"childRecords":[{"testStatus":{"stackTrace":"","statusValue":"INFO"},"type":"MESSAGE","name":"","message":"Evaluating variables for test case","startTime":1541731755618,"endTime":0,"childRecords":[],"interuppted":false},{"index":1,"isIgnoredIfFailed":false,"type":"TEST_STEP","name":"Statement - java.lang.Thread.sleep(2000)","description":"","startTime":1541731756072,"endTime":1541731758074,"childRecords":[],"interuppted":false},{"index":2,"isIgnoredIfFailed":false,"type":"TEST_STEP","name":"setText","message":"Unable to set text \u0027Xóa ch? ??\u0027 of object \u0027Object Repository/Category/input_search_category\u0027 (Root cause: com.kms.katalon.core.webui.exception.BrowserNotOpenedException: Browser is not opened\nBuild info: version: \u00273.7.1\u0027, revision: \u00278a0099a\u0027, time: \u00272017-11-06T21:07:36.161Z\u0027\nSystem info: host: \u0027DESKTOP-9IOQSG7\u0027, ip: \u0027192.168.1.142\u0027, os.name: \u0027Windows 10\u0027, os.arch: \u0027amd64\u0027, os.version: \u002710.0\u0027, java.version: \u00271.8.0_102\u0027\nDriver info: driver.version: unknown)","description":"","startTime":1541731758075,"endTime":1541731758085,"childRecords":[{"testStatus":{"stackTrace":"","statusValue":"WARNING"},"type":"MESSAGE","name":"","message":"Cannot take screenshot","startTime":1541731758082,"endTime":0,"childRecords":[],"interuppted":false},{"testStatus":{"stackTrace":"","statusValue":"FAILED"},"type":"MESSAGE","name":"","message":"Unable to set text \u0027Xóa ch? ??\u0027 of object \u0027Object Repository/Category/input_search_category\u0027 (Root cause: com.kms.katalon.core.webui.exception.BrowserNotOpenedException: Browser is not opened\nBuild info: version: \u00273.7.1\u0027, revision: \u00278a0099a\u0027, time: \u00272017-11-06T21:07:36.161Z\u0027\nSystem info: host: \u0027DESKTOP-9IOQSG7\u0027, ip: \u0027192.168.1.142\u0027, os.name: \u0027Windows 10\u0027, os.arch: \u0027amd64\u0027, os.version: \u002710.0\u0027, java.version: \u00271.8.0_102\u0027\nDriver info: driver.version: unknown)","startTime":1541731758084,"endTime":0,"childRecords":[],"interuppted":false}],"interuppted":false},{"testStatus":{"stackTrace":"","statusValue":"FAILED"},"type":"MESSAGE","name":"","message":"Test Cases/Category/AssignCouseAndUser FAILED because (of) Unable to set text \u0027Xóa ch? ??\u0027 of object \u0027Object Repository/Category/input_search_category\u0027 (Root cause: com.kms.katalon.core.webui.exception.BrowserNotOpenedException: Browser is not opened\nBuild info: version: \u00273.7.1\u0027, revision: \u00278a0099a\u0027, time: \u00272017-11-06T21:07:36.161Z\u0027\nSystem info: host: \u0027DESKTOP-9IOQSG7\u0027, ip: \u0027192.168.1.142\u0027, os.name: \u0027Windows 10\u0027, os.arch: \u0027amd64\u0027, os.version: \u002710.0\u0027, java.version: \u00271.8.0_102\u0027\nDriver info: driver.version: unknown)","startTime":1541731758085,"endTime":0,"childRecords":[],"interuppted":false}],"interuppted":false}],"interuppted":false}